Using pre-set license
Built from '2020.3/staging' branch; Version is '2020.3.22f1 (e1a7f79fd887) revision 14788599'; Using compiler version '192528614'; Build Type 'Release'
OS: 'Windows 10 Home Single Language; OS build 19043.1415; Version 2009; 64bit' Language: 'en' Physical Memory: 8029 MB
BatchMode: 1, IsHumanControllingUs: 0, StartBugReporterOnCrash: 0, Is64bit: 1, IsPro: 0

COMMAND LINE ARGUMENTS:
C:\Program Files\Unity\Hub\Editor\2020.3.22f1\Editor\Unity.exe
-adb2
-batchMode
-noUpm
-name
AssetImportWorker0
-projectPath
E:/222/BT3
-logFile
Logs/AssetImportWorker0.log
-srvPort
54309
Successfully changed project path to: E:/222/BT3
E:/222/BT3
Using Asset Import Pipeline V2.
Refreshing native plugins compatible for Editor in 71.89 ms, found 2 plugins.
Preloading 0 native plugins for Editor in 0.00 ms.
Initialize engine version: 2020.3.22f1 (e1a7f79fd887)
[Subsystems] Discovering subsystems at path C:/Program Files/Unity/Hub/Editor/2020.3.22f1/Editor/Data/Resources/UnitySubsystems
[Subsystems] Discovering subsystems at path E:/222/BT3/Assets
GfxDevice: creating device client; threaded=0
Direct3D:
    Version:  Direct3D 11.0 [level 11.1]
    Renderer: NVIDIA GeForce GTX 1050 (ID=0x1c91)
    Vendor:   
    VRAM:     2996 MB
    Driver:   27.21.14.5167
Initialize mono
Mono path[0] = 'C:/Program Files/Unity/Hub/Editor/2020.3.22f1/Editor/Data/Managed'
Mono path[1] = 'C:/Program Files/Unity/Hub/Editor/2020.3.22f1/Editor/Data/MonoBleedingEdge/lib/mono/unityjit'
Mono config path = 'C:/Program Files/Unity/Hub/Editor/2020.3.22f1/Editor/Data/MonoBleedingEdge/etc'
Using monoOptions --debugger-agent=transport=dt_socket,embedding=1,server=y,suspend=n,address=127.0.0.1:56856
Begin MonoManager ReloadAssembly
Registering precompiled unity dll's ...
Register platform support module: C:/Program Files/Unity/Hub/Editor/2020.3.22f1/Editor/Data/PlaybackEngines/WebGLSupport/UnityEditor.WebGL.Extensions.dll
Register platform support module: C:/Program Files/Unity/Hub/Editor/2020.3.22f1/Editor/Data/PlaybackEngines/WindowsStandaloneSupport/UnityEditor.WindowsStandalone.Extensions.dll
Registered in 0.003079 seconds.
Native extension for WindowsStandalone target not found
Native extension for WebGL target not found
Refreshing native plugins compatible for Editor in 43.02 ms, found 2 plugins.
Preloading 0 native plugins for Editor in 0.00 ms.
Mono: successfully reloaded assembly
- Completed reload, in  2.924 seconds
Domain Reload Profiling:
	ReloadAssembly (2924ms)
		BeginReloadAssembly (82ms)
			ExecutionOrderSort (0ms)
			DisableScriptedObjects (0ms)
			BackupInstance (0ms)
			ReleaseScriptingObjects (0ms)
			CreateAndSetChildDomain (1ms)
		EndReloadAssembly (671ms)
			LoadAssemblies (79ms)
			RebuildTransferFunctionScriptingTraits (0ms)
			SetupTypeCache (244ms)
			ReleaseScriptCaches (0ms)
			RebuildScriptCaches (42ms)
			SetupLoadedEditorAssemblies (236ms)
				LogAssemblyErrors (0ms)
				InitializePlatformSupportModulesInManaged (7ms)
				SetLoadedEditorAssemblies (0ms)
				RefreshPlugins (43ms)
				BeforeProcessingInitializeOnLoad (19ms)
				ProcessInitializeOnLoadAttributes (122ms)
				ProcessInitializeOnLoadMethodAttributes (44ms)
				AfterProcessingInitializeOnLoad (0ms)
				EditorAssembliesLoaded (1ms)
			ExecutionOrderSort2 (0ms)
			AwakeInstancesAfterBackupRestoration (0ms)
Platform modules already initialized, skipping
Registering precompiled user dll's ...
Registered in 0.005221 seconds.
Begin MonoManager ReloadAssembly
Native extension for WindowsStandalone target not found
Native extension for WebGL target not found
Refreshing native plugins compatible for Editor in 1.27 ms, found 2 plugins.
Preloading 0 native plugins for Editor in 0.00 ms.
Mono: successfully reloaded assembly
- Completed reload, in  2.323 seconds
Domain Reload Profiling:
	ReloadAssembly (2324ms)
		BeginReloadAssembly (217ms)
			ExecutionOrderSort (0ms)
			DisableScriptedObjects (7ms)
			BackupInstance (0ms)
			ReleaseScriptingObjects (0ms)
			CreateAndSetChildDomain (40ms)
		EndReloadAssembly (2015ms)
			LoadAssemblies (137ms)
			RebuildTransferFunctionScriptingTraits (0ms)
			SetupTypeCache (509ms)
			ReleaseScriptCaches (1ms)
			RebuildScriptCaches (59ms)
			SetupLoadedEditorAssemblies (1194ms)
				LogAssemblyErrors (0ms)
				InitializePlatformSupportModulesInManaged (12ms)
				SetLoadedEditorAssemblies (1ms)
				RefreshPlugins (1ms)
				BeforeProcessingInitializeOnLoad (121ms)
				ProcessInitializeOnLoadAttributes (274ms)
				ProcessInitializeOnLoadMethodAttributes (776ms)
				AfterProcessingInitializeOnLoad (8ms)
				EditorAssembliesLoaded (0ms)
			ExecutionOrderSort2 (0ms)
			AwakeInstancesAfterBackupRestoration (12ms)
Platform modules already initialized, skipping
========================================================================
Worker process is ready to serve import requests
Launched and connected shader compiler UnityShaderCompiler.exe after 0.20 seconds
Refreshing native plugins compatible for Editor in 1.15 ms, found 2 plugins.
Preloading 0 native plugins for Editor in 0.00 ms.
Unloading 1534 Unused Serialized files (Serialized files now loaded: 0)
System memory in use before: 69.4 MB.
System memory in use after: 69.5 MB.

Unloading 21 unused Assets to reduce memory usage. Loaded Objects now: 1990.
Total: 6.987600 ms (FindLiveObjects: 0.406400 ms CreateObjectMapping: 0.132300 ms MarkObjects: 6.133000 ms  DeleteObjects: 0.313200 ms)

AssetImportParameters requested are different than current active one (requested -> active):
  custom:framework-win-MediaFoundation: 216162199b28c13a410421893ffa2e32 -> 
  custom:video-decoder-ogg-theora: a1e56fd34408186e4bbccfd4996cb3dc -> 
  custom:container-muxer-webm: aa71ff27fc2769a1b78a27578f13a17b -> 
  custom:container-demuxer-webm: 4f35f7cbe854078d1ac9338744f61a02 -> 
  custom:container-demuxer-ogg: 62fdf1f143b41e24485cea50d1cbac27 -> 
  custom:video-encoder-webm-vp8: eb34c28f22e8b96e1ab97ce403110664 -> 
  custom:video-decoder-webm-vp8: 9c59270c3fd7afecdb556c50c9e8de78 -> 
  custom:audio-decoder-ogg-vorbis: bf7c407c2cedff20999df2af8eb42d56 -> 
  custom:audio-encoder-webm-vorbis: bf7c407c2cedff20999df2af8eb42d56 -> 
========================================================================
Received Import Request.
  path: Assets/ClickAndGo.asset
  artifactKey: Guid(c3bfb17d70302b94d901eac73be40f6e) Importer(815301076,1909f56bfc062723c751e8b465ee728b)
Start importing Assets/ClickAndGo.asset using Guid(c3bfb17d70302b94d901eac73be40f6e) Importer(815301076,1909f56bfc062723c751e8b465ee728b)  -> (artifact id: '54f4471244a7fd713c79e3a1dc1ceb0a') in 0.157567 seconds 
  Import took 0.327923 seconds .

========================================================================
Received Import Request.
  Time since last request: 648.722546 seconds.
  path: Assets/ClickAndGo.asset
  artifactKey: Guid(c3bfb17d70302b94d901eac73be40f6e) Importer(815301076,1909f56bfc062723c751e8b465ee728b)
Start importing Assets/ClickAndGo.asset using Guid(c3bfb17d70302b94d901eac73be40f6e) Importer(815301076,1909f56bfc062723c751e8b465ee728b)  -> (artifact id: '8b6f6bdc9e486fd088f094b6d2ba5562') in 0.011930 seconds 
  Import took 0.031480 seconds .

========================================================================
Received Import Request.
  Time since last request: 73.749297 seconds.
  path: Assets/BehaviorBricks/Editor/Resources/Images/TreeViewController/Action_Icon_small.png
  artifactKey: Guid(dc26844c00bed13449a5d8a549f28bcc) Importer(815301076,1909f56bfc062723c751e8b465ee728b)
Start importing Assets/BehaviorBricks/Editor/Resources/Images/TreeViewController/Action_Icon_small.png using Guid(dc26844c00bed13449a5d8a549f28bcc) Importer(815301076,1909f56bfc062723c751e8b465ee728b)  -> (artifact id: '77bbf319c2fcd2353cb8d911758497a8') in 0.101943 seconds 
  Import took 0.153329 seconds .

========================================================================
Received Import Request.
  Time since last request: 0.000174 seconds.
  path: Assets/BehaviorBricks/Editor/Resources/Images/FreeTreeView/action_toolBox_hover.png
  artifactKey: Guid(0683b830ddf5c5f45b6304e2a84abd0e) Importer(815301076,1909f56bfc062723c751e8b465ee728b)
Start importing Assets/BehaviorBricks/Editor/Resources/Images/FreeTreeView/action_toolBox_hover.png using Guid(0683b830ddf5c5f45b6304e2a84abd0e) Importer(815301076,1909f56bfc062723c751e8b465ee728b)  -> (artifact id: '8367e0e24ad1e97262a48c796fad09c1') in 0.129985 seconds 
  Import took 0.165404 seconds .

========================================================================
Received Import Request.
  Time since last request: 0.000230 seconds.
  path: Assets/BehaviorBricks/Editor/Resources/Images/FreeTreeView/action_toolBox_main.png
  artifactKey: Guid(11d5f6af5d6d75b4986a2cb28e7cee3f) Importer(815301076,1909f56bfc062723c751e8b465ee728b)
Start importing Assets/BehaviorBricks/Editor/Resources/Images/FreeTreeView/action_toolBox_main.png using Guid(11d5f6af5d6d75b4986a2cb28e7cee3f) Importer(815301076,1909f56bfc062723c751e8b465ee728b)  -> (artifact id: '2cf0d72370b3d8ca23b73466c704648e') in 0.055777 seconds 
  Import took 0.080346 seconds .

========================================================================
Received Import Request.
  Time since last request: 2.659359 seconds.
  path: Assets/BehaviorBricks/Editor/Resources/Backgrounds/Background_64x64_GRID.png
  artifactKey: Guid(4c06a50c07c433541b2e7aee814f66c4) Importer(815301076,1909f56bfc062723c751e8b465ee728b)
Start importing Assets/BehaviorBricks/Editor/Resources/Backgrounds/Background_64x64_GRID.png using Guid(4c06a50c07c433541b2e7aee814f66c4) Importer(815301076,1909f56bfc062723c751e8b465ee728b)  -> (artifact id: 'd58ae10b6a6222f88a0d9b8be8b96744') in 0.046940 seconds 
  Import took 0.056147 seconds .

========================================================================
Received Import Request.
  Time since last request: 0.000349 seconds.
  path: Assets/BehaviorBricks/Editor/Resources/Backgrounds/Background_2048x2048.png
  artifactKey: Guid(16a55ff2716c1f241b5ade2985dbdf42) Importer(815301076,1909f56bfc062723c751e8b465ee728b)
Start importing Assets/BehaviorBricks/Editor/Resources/Backgrounds/Background_2048x2048.png using Guid(16a55ff2716c1f241b5ade2985dbdf42) Importer(815301076,1909f56bfc062723c751e8b465ee728b)  -> (artifact id: '83abbc2a9b729f8f87806621482ebbbe') in 0.061403 seconds 
  Import took 0.063922 seconds .

========================================================================
Received Import Request.
  Time since last request: 0.705144 seconds.
  path: Assets/BehaviorBricks/Editor/Resources/GUI Skins/Editor/Textures/Background_Light.png
  artifactKey: Guid(be9f77aedc5c3bf43a833cb59fbc74a3) Importer(815301076,1909f56bfc062723c751e8b465ee728b)
Start importing Assets/BehaviorBricks/Editor/Resources/GUI Skins/Editor/Textures/Background_Light.png using Guid(be9f77aedc5c3bf43a833cb59fbc74a3) Importer(815301076,1909f56bfc062723c751e8b465ee728b)  -> (artifact id: '5477cd432fd949744876ffc35f6f7ba2') in 0.053797 seconds 
  Import took 0.059458 seconds .

========================================================================
Received Import Request.
  Time since last request: 0.000387 seconds.
  path: Assets/BehaviorBricks/Editor/Resources/Backgrounds/BackgroundPrioritySelector.png
  artifactKey: Guid(fd6b095a59cd70340a7e2ef18a0e8f8c) Importer(815301076,1909f56bfc062723c751e8b465ee728b)
Start importing Assets/BehaviorBricks/Editor/Resources/Backgrounds/BackgroundPrioritySelector.png using Guid(fd6b095a59cd70340a7e2ef18a0e8f8c) Importer(815301076,1909f56bfc062723c751e8b465ee728b)  -> (artifact id: 'c20cf0b38bee2de044e01b1e4fe41d76') in 0.017593 seconds 
  Import took 0.075387 seconds .

========================================================================
Received Import Request.
  Time since last request: 5.448441 seconds.
  path: Assets/BehaviorBricks/Editor/Resources/Images/FreeTreeView/behavior_toolBox_main.png
  artifactKey: Guid(4632d710c9a1eab4893106cb75b263b9) Importer(815301076,1909f56bfc062723c751e8b465ee728b)
Start importing Assets/BehaviorBricks/Editor/Resources/Images/FreeTreeView/behavior_toolBox_main.png using Guid(4632d710c9a1eab4893106cb75b263b9) Importer(815301076,1909f56bfc062723c751e8b465ee728b)  -> (artifact id: 'e378f17009d393697db263025bf4abe9') in 0.057129 seconds 
  Import took 0.108267 seconds .

========================================================================
Received Import Request.
  Time since last request: 0.000304 seconds.
  path: Assets/BehaviorBricks/Editor/Resources/Images/FreeTreeView/condition_toolBox_main.png
  artifactKey: Guid(740523298722bbc4c84ab5805af83593) Importer(815301076,1909f56bfc062723c751e8b465ee728b)
Start importing Assets/BehaviorBricks/Editor/Resources/Images/FreeTreeView/condition_toolBox_main.png using Guid(740523298722bbc4c84ab5805af83593) Importer(815301076,1909f56bfc062723c751e8b465ee728b)  -> (artifact id: '6a0201a6d2f5d15787aed833744db2b6') in 0.074683 seconds 
  Import took 0.153177 seconds .

========================================================================
Received Import Request.
  Time since last request: 0.000420 seconds.
  path: Assets/BehaviorBricks/Editor/Resources/GUI Skins/Editor/Textures/node_main.png
  artifactKey: Guid(c5f0da36b57a6564f8a9fddbfb3bf35e) Importer(815301076,1909f56bfc062723c751e8b465ee728b)
Start importing Assets/BehaviorBricks/Editor/Resources/GUI Skins/Editor/Textures/node_main.png using Guid(c5f0da36b57a6564f8a9fddbfb3bf35e) Importer(815301076,1909f56bfc062723c751e8b465ee728b)  -> (artifact id: '0b6cd0495b800dc3f5faf73e579b9de9') in 0.076648 seconds 
  Import took 0.113495 seconds .

========================================================================
Received Import Request.
  Time since last request: 0.000462 seconds.
  path: Assets/BehaviorBricks/Editor/Resources/Images/FreeTreeView/node_main.png
  artifactKey: Guid(f9d08cc61a93f604381e999d1dc134ec) Importer(815301076,1909f56bfc062723c751e8b465ee728b)
Start importing Assets/BehaviorBricks/Editor/Resources/Images/FreeTreeView/node_main.png using Guid(f9d08cc61a93f604381e999d1dc134ec) Importer(815301076,1909f56bfc062723c751e8b465ee728b)  -> (artifact id: '727f385e5301888474dc209e3d4b7f0e') in 0.046948 seconds 
  Import took 0.060776 seconds .

========================================================================
Received Prepare
Registering precompiled user dll's ...
Registered in 0.003185 seconds.
Begin MonoManager ReloadAssembly
Native extension for WindowsStandalone target not found
Native extension for WebGL target not found
Refreshing native plugins compatible for Editor in 0.34 ms, found 2 plugins.
Preloading 0 native plugins for Editor in 0.00 ms.
Mono: successfully reloaded assembly
- Completed reload, in  1.377 seconds
Domain Reload Profiling:
	ReloadAssembly (1377ms)
		BeginReloadAssembly (112ms)
			ExecutionOrderSort (0ms)
			DisableScriptedObjects (4ms)
			BackupInstance (0ms)
			ReleaseScriptingObjects (0ms)
			CreateAndSetChildDomain (41ms)
		EndReloadAssembly (1199ms)
			LoadAssemblies (78ms)
			RebuildTransferFunctionScriptingTraits (0ms)
			SetupTypeCache (275ms)
			ReleaseScriptCaches (1ms)
			RebuildScriptCaches (35ms)
			SetupLoadedEditorAssemblies (722ms)
				LogAssemblyErrors (0ms)
				InitializePlatformSupportModulesInManaged (6ms)
				SetLoadedEditorAssemblies (0ms)
				RefreshPlugins (0ms)
				BeforeProcessingInitializeOnLoad (77ms)
				ProcessInitializeOnLoadAttributes (161ms)
				ProcessInitializeOnLoadMethodAttributes (471ms)
				AfterProcessingInitializeOnLoad (7ms)
				EditorAssembliesLoaded (0ms)
			ExecutionOrderSort2 (0ms)
			AwakeInstancesAfterBackupRestoration (6ms)
Platform modules already initialized, skipping
Refreshing native plugins compatible for Editor in 0.36 ms, found 2 plugins.
Preloading 0 native plugins for Editor in 0.00 ms.
Unloading 1528 Unused Serialized files (Serialized files now loaded: 0)
System memory in use before: 69.3 MB.
System memory in use after: 69.4 MB.

Unloading 16 unused Assets to reduce memory usage. Loaded Objects now: 1996.
Total: 3.382300 ms (FindLiveObjects: 0.158200 ms CreateObjectMapping: 0.041900 ms MarkObjects: 3.162100 ms  DeleteObjects: 0.019000 ms)

AssetImportParameters requested are different than current active one (requested -> active):
  custom:framework-win-MediaFoundation: 216162199b28c13a410421893ffa2e32 -> 
  custom:video-decoder-ogg-theora: a1e56fd34408186e4bbccfd4996cb3dc -> 
  custom:container-muxer-webm: aa71ff27fc2769a1b78a27578f13a17b -> 
  custom:container-demuxer-webm: 4f35f7cbe854078d1ac9338744f61a02 -> 
  custom:container-demuxer-ogg: 62fdf1f143b41e24485cea50d1cbac27 -> 
  custom:video-encoder-webm-vp8: eb34c28f22e8b96e1ab97ce403110664 -> 
  custom:video-decoder-webm-vp8: 9c59270c3fd7afecdb556c50c9e8de78 -> 
  custom:audio-decoder-ogg-vorbis: bf7c407c2cedff20999df2af8eb42d56 -> 
  custom:audio-encoder-webm-vorbis: bf7c407c2cedff20999df2af8eb42d56 -> 
========================================================================
Received Prepare
Registering precompiled user dll's ...
Registered in 0.003288 seconds.
Begin MonoManager ReloadAssembly
Native extension for WindowsStandalone target not found
Native extension for WebGL target not found
Refreshing native plugins compatible for Editor in 0.34 ms, found 2 plugins.
Preloading 0 native plugins for Editor in 0.00 ms.
Mono: successfully reloaded assembly
- Completed reload, in  1.400 seconds
Domain Reload Profiling:
	ReloadAssembly (1401ms)
		BeginReloadAssembly (102ms)
			ExecutionOrderSort (0ms)
			DisableScriptedObjects (4ms)
			BackupInstance (0ms)
			ReleaseScriptingObjects (0ms)
			CreateAndSetChildDomain (37ms)
		EndReloadAssembly (1237ms)
			LoadAssemblies (78ms)
			RebuildTransferFunctionScriptingTraits (0ms)
			SetupTypeCache (271ms)
			ReleaseScriptCaches (1ms)
			RebuildScriptCaches (37ms)
			SetupLoadedEditorAssemblies (761ms)
				LogAssemblyErrors (0ms)
				InitializePlatformSupportModulesInManaged (5ms)
				SetLoadedEditorAssemblies (0ms)
				RefreshPlugins (0ms)
				BeforeProcessingInitializeOnLoad (79ms)
				ProcessInitializeOnLoadAttributes (158ms)
				ProcessInitializeOnLoadMethodAttributes (511ms)
				AfterProcessingInitializeOnLoad (7ms)
				EditorAssembliesLoaded (0ms)
			ExecutionOrderSort2 (0ms)
			AwakeInstancesAfterBackupRestoration (6ms)
Platform modules already initialized, skipping
Refreshing native plugins compatible for Editor in 0.37 ms, found 2 plugins.
Preloading 0 native plugins for Editor in 0.00 ms.
Unloading 1528 Unused Serialized files (Serialized files now loaded: 0)
System memory in use before: 69.3 MB.
System memory in use after: 69.4 MB.

Unloading 16 unused Assets to reduce memory usage. Loaded Objects now: 1998.
Total: 3.534700 ms (FindLiveObjects: 0.167600 ms CreateObjectMapping: 0.043500 ms MarkObjects: 3.300100 ms  DeleteObjects: 0.022200 ms)

AssetImportParameters requested are different than current active one (requested -> active):
  custom:framework-win-MediaFoundation: 216162199b28c13a410421893ffa2e32 -> 
  custom:video-decoder-ogg-theora: a1e56fd34408186e4bbccfd4996cb3dc -> 
  custom:container-muxer-webm: aa71ff27fc2769a1b78a27578f13a17b -> 
  custom:container-demuxer-webm: 4f35f7cbe854078d1ac9338744f61a02 -> 
  custom:container-demuxer-ogg: 62fdf1f143b41e24485cea50d1cbac27 -> 
  custom:video-encoder-webm-vp8: eb34c28f22e8b96e1ab97ce403110664 -> 
  custom:video-decoder-webm-vp8: 9c59270c3fd7afecdb556c50c9e8de78 -> 
  custom:audio-decoder-ogg-vorbis: bf7c407c2cedff20999df2af8eb42d56 -> 
  custom:audio-encoder-webm-vorbis: bf7c407c2cedff20999df2af8eb42d56 -> 
========================================================================
Received Import Request.
  Time since last request: 228.345606 seconds.
  path: Assets/ClickAndGo.asset
  artifactKey: Guid(c3bfb17d70302b94d901eac73be40f6e) Importer(815301076,1909f56bfc062723c751e8b465ee728b)
Start importing Assets/ClickAndGo.asset using Guid(c3bfb17d70302b94d901eac73be40f6e) Importer(815301076,1909f56bfc062723c751e8b465ee728b) DeserializeNextElement: Viene otra cosa: EndElement. Terminamos -> (artifact id: '330ef32eedcd6453b80a268682e97473') in 0.036521 seconds 
  Import took 0.067059 seconds .

========================================================================
Received Prepare
Registering precompiled user dll's ...
Registered in 0.003705 seconds.
Begin MonoManager ReloadAssembly
Native extension for WindowsStandalone target not found
Native extension for WebGL target not found
Refreshing native plugins compatible for Editor in 0.37 ms, found 2 plugins.
Preloading 0 native plugins for Editor in 0.00 ms.
Mono: successfully reloaded assembly
- Completed reload, in  1.336 seconds
Domain Reload Profiling:
	ReloadAssembly (1337ms)
		BeginReloadAssembly (108ms)
			ExecutionOrderSort (0ms)
			DisableScriptedObjects (4ms)
			BackupInstance (0ms)
			ReleaseScriptingObjects (0ms)
			CreateAndSetChildDomain (38ms)
		EndReloadAssembly (1171ms)
			LoadAssemblies (79ms)
			RebuildTransferFunctionScriptingTraits (0ms)
			SetupTypeCache (258ms)
			ReleaseScriptCaches (1ms)
			RebuildScriptCaches (34ms)
			SetupLoadedEditorAssemblies (716ms)
				LogAssemblyErrors (0ms)
				InitializePlatformSupportModulesInManaged (5ms)
				SetLoadedEditorAssemblies (0ms)
				RefreshPlugins (0ms)
				BeforeProcessingInitializeOnLoad (76ms)
				ProcessInitializeOnLoadAttributes (157ms)
				ProcessInitializeOnLoadMethodAttributes (468ms)
				AfterProcessingInitializeOnLoad (8ms)
				EditorAssembliesLoaded (0ms)
			ExecutionOrderSort2 (0ms)
			AwakeInstancesAfterBackupRestoration (6ms)
Platform modules already initialized, skipping
Refreshing native plugins compatible for Editor in 0.38 ms, found 2 plugins.
Preloading 0 native plugins for Editor in 0.00 ms.
Unloading 1528 Unused Serialized files (Serialized files now loaded: 0)
System memory in use before: 69.3 MB.
System memory in use after: 69.4 MB.

Unloading 16 unused Assets to reduce memory usage. Loaded Objects now: 2000.
Total: 3.302300 ms (FindLiveObjects: 0.141100 ms CreateObjectMapping: 0.045400 ms MarkObjects: 3.095100 ms  DeleteObjects: 0.019400 ms)

AssetImportParameters requested are different than current active one (requested -> active):
  custom:framework-win-MediaFoundation: 216162199b28c13a410421893ffa2e32 -> 
  custom:video-decoder-ogg-theora: a1e56fd34408186e4bbccfd4996cb3dc -> 
  custom:container-muxer-webm: aa71ff27fc2769a1b78a27578f13a17b -> 
  custom:container-demuxer-webm: 4f35f7cbe854078d1ac9338744f61a02 -> 
  custom:container-demuxer-ogg: 62fdf1f143b41e24485cea50d1cbac27 -> 
  custom:video-encoder-webm-vp8: eb34c28f22e8b96e1ab97ce403110664 -> 
  custom:video-decoder-webm-vp8: 9c59270c3fd7afecdb556c50c9e8de78 -> 
  custom:audio-decoder-ogg-vorbis: bf7c407c2cedff20999df2af8eb42d56 -> 
  custom:audio-encoder-webm-vorbis: bf7c407c2cedff20999df2af8eb42d56 -> 
========================================================================
Received Prepare
Registering precompiled user dll's ...
Registered in 0.003422 seconds.
Begin MonoManager ReloadAssembly
Native extension for WindowsStandalone target not found
Native extension for WebGL target not found
Refreshing native plugins compatible for Editor in 0.36 ms, found 2 plugins.
Preloading 0 native plugins for Editor in 0.00 ms.
Mono: successfully reloaded assembly
- Completed reload, in  1.347 seconds
Domain Reload Profiling:
	ReloadAssembly (1347ms)
		BeginReloadAssembly (112ms)
			ExecutionOrderSort (0ms)
			DisableScriptedObjects (4ms)
			BackupInstance (0ms)
			ReleaseScriptingObjects (0ms)
			CreateAndSetChildDomain (34ms)
		EndReloadAssembly (1177ms)
			LoadAssemblies (78ms)
			RebuildTransferFunctionScriptingTraits (0ms)
			SetupTypeCache (255ms)
			ReleaseScriptCaches (1ms)
			RebuildScriptCaches (35ms)
			SetupLoadedEditorAssemblies (722ms)
				LogAssemblyErrors (0ms)
				InitializePlatformSupportModulesInManaged (6ms)
				SetLoadedEditorAssemblies (0ms)
				RefreshPlugins (0ms)
				BeforeProcessingInitializeOnLoad (76ms)
				ProcessInitializeOnLoadAttributes (155ms)
				ProcessInitializeOnLoadMethodAttributes (477ms)
				AfterProcessingInitializeOnLoad (7ms)
				EditorAssembliesLoaded (0ms)
			ExecutionOrderSort2 (0ms)
			AwakeInstancesAfterBackupRestoration (6ms)
Platform modules already initialized, skipping
Refreshing native plugins compatible for Editor in 0.34 ms, found 2 plugins.
Preloading 0 native plugins for Editor in 0.00 ms.
Unloading 1528 Unused Serialized files (Serialized files now loaded: 0)
System memory in use before: 69.3 MB.
System memory in use after: 69.4 MB.

Unloading 16 unused Assets to reduce memory usage. Loaded Objects now: 2002.
Total: 3.621500 ms (FindLiveObjects: 0.157800 ms CreateObjectMapping: 0.042100 ms MarkObjects: 3.402700 ms  DeleteObjects: 0.017600 ms)

AssetImportParameters requested are different than current active one (requested -> active):
  custom:framework-win-MediaFoundation: 216162199b28c13a410421893ffa2e32 -> 
  custom:video-decoder-ogg-theora: a1e56fd34408186e4bbccfd4996cb3dc -> 
  custom:container-muxer-webm: aa71ff27fc2769a1b78a27578f13a17b -> 
  custom:container-demuxer-webm: 4f35f7cbe854078d1ac9338744f61a02 -> 
  custom:container-demuxer-ogg: 62fdf1f143b41e24485cea50d1cbac27 -> 
  custom:video-encoder-webm-vp8: eb34c28f22e8b96e1ab97ce403110664 -> 
  custom:video-decoder-webm-vp8: 9c59270c3fd7afecdb556c50c9e8de78 -> 
  custom:audio-decoder-ogg-vorbis: bf7c407c2cedff20999df2af8eb42d56 -> 
  custom:audio-encoder-webm-vorbis: bf7c407c2cedff20999df2af8eb42d56 -> 
========================================================================
Received Import Request.
  Time since last request: 275.662465 seconds.
  path: Assets/ClickAndGo.asset
  artifactKey: Guid(c3bfb17d70302b94d901eac73be40f6e) Importer(815301076,1909f56bfc062723c751e8b465ee728b)
Start importing Assets/ClickAndGo.asset using Guid(c3bfb17d70302b94d901eac73be40f6e) Importer(815301076,1909f56bfc062723c751e8b465ee728b) DeserializeNextElement: Viene otra cosa: EndElement. Terminamos -> (artifact id: '393a63903005ce10bc21feb8bdf27eb8') in 0.037166 seconds 
  Import took 0.064375 seconds .

========================================================================
Received Import Request.
  Time since last request: 17.246175 seconds.
  path: Assets/Wander.asset
  artifactKey: Guid(4c0da340b21cde04ca94773a6ca49c49) Importer(815301076,1909f56bfc062723c751e8b465ee728b)
Start importing Assets/Wander.asset using Guid(4c0da340b21cde04ca94773a6ca49c49) Importer(815301076,1909f56bfc062723c751e8b465ee728b)  -> (artifact id: 'ef80579d308358611161d4b35880947b') in 0.003803 seconds 
  Import took 0.018599 seconds .

========================================================================
Received Import Request.
  Time since last request: 435.646350 seconds.
  path: Assets/ClickAndGo.asset
  artifactKey: Guid(c3bfb17d70302b94d901eac73be40f6e) Importer(815301076,1909f56bfc062723c751e8b465ee728b)
Start importing Assets/ClickAndGo.asset using Guid(c3bfb17d70302b94d901eac73be40f6e) Importer(815301076,1909f56bfc062723c751e8b465ee728b) DeserializeNextElement: Viene otra cosa: EndElement. Terminamos -> (artifact id: '404e5c0ebfe1d61fa319b0f131da56ea') in 0.018569 seconds 
  Import took 0.056489 seconds .

========================================================================
Received Prepare
Registering precompiled user dll's ...
Registered in 0.160424 seconds.
Begin MonoManager ReloadAssembly
Native extension for WindowsStandalone target not found
Native extension for WebGL target not found
Refreshing native plugins compatible for Editor in 0.35 ms, found 2 plugins.
Preloading 0 native plugins for Editor in 0.00 ms.
Mono: successfully reloaded assembly
- Completed reload, in  2.611 seconds
Domain Reload Profiling:
	ReloadAssembly (2611ms)
		BeginReloadAssembly (170ms)
			ExecutionOrderSort (0ms)
			DisableScriptedObjects (5ms)
			BackupInstance (0ms)
			ReleaseScriptingObjects (0ms)
			CreateAndSetChildDomain (62ms)
		EndReloadAssembly (2314ms)
			LoadAssemblies (256ms)
			RebuildTransferFunctionScriptingTraits (0ms)
			SetupTypeCache (667ms)
			ReleaseScriptCaches (1ms)
			RebuildScriptCaches (76ms)
			SetupLoadedEditorAssemblies (1134ms)
				LogAssemblyErrors (0ms)
				InitializePlatformSupportModulesInManaged (13ms)
				SetLoadedEditorAssemblies (0ms)
				RefreshPlugins (0ms)
				BeforeProcessingInitializeOnLoad (80ms)
				ProcessInitializeOnLoadAttributes (269ms)
				ProcessInitializeOnLoadMethodAttributes (762ms)
				AfterProcessingInitializeOnLoad (7ms)
				EditorAssembliesLoaded (0ms)
			ExecutionOrderSort2 (0ms)
			AwakeInstancesAfterBackupRestoration (9ms)
Platform modules already initialized, skipping
Refreshing native plugins compatible for Editor in 0.36 ms, found 2 plugins.
Preloading 0 native plugins for Editor in 0.00 ms.
Unloading 1528 Unused Serialized files (Serialized files now loaded: 0)
System memory in use before: 69.3 MB.
System memory in use after: 69.5 MB.

Unloading 16 unused Assets to reduce memory usage. Loaded Objects now: 2004.
Total: 3.381000 ms (FindLiveObjects: 0.183100 ms CreateObjectMapping: 0.046600 ms MarkObjects: 3.121100 ms  DeleteObjects: 0.028200 ms)

AssetImportParameters requested are different than current active one (requested -> active):
  custom:framework-win-MediaFoundation: 216162199b28c13a410421893ffa2e32 -> 
  custom:video-decoder-ogg-theora: a1e56fd34408186e4bbccfd4996cb3dc -> 
  custom:container-muxer-webm: aa71ff27fc2769a1b78a27578f13a17b -> 
  custom:container-demuxer-webm: 4f35f7cbe854078d1ac9338744f61a02 -> 
  custom:container-demuxer-ogg: 62fdf1f143b41e24485cea50d1cbac27 -> 
  custom:video-encoder-webm-vp8: eb34c28f22e8b96e1ab97ce403110664 -> 
  custom:video-decoder-webm-vp8: 9c59270c3fd7afecdb556c50c9e8de78 -> 
  custom:audio-decoder-ogg-vorbis: bf7c407c2cedff20999df2af8eb42d56 -> 
  custom:audio-encoder-webm-vorbis: bf7c407c2cedff20999df2af8eb42d56 -> 
========================================================================
Received Prepare
Registering precompiled user dll's ...
Registered in 0.003302 seconds.
Begin MonoManager ReloadAssembly
Native extension for WindowsStandalone target not found
Native extension for WebGL target not found
Refreshing native plugins compatible for Editor in 0.40 ms, found 2 plugins.
Preloading 0 native plugins for Editor in 0.00 ms.
Mono: successfully reloaded assembly
- Completed reload, in  1.364 seconds
Domain Reload Profiling:
	ReloadAssembly (1365ms)
		BeginReloadAssembly (118ms)
			ExecutionOrderSort (0ms)
			DisableScriptedObjects (4ms)
			BackupInstance (0ms)
			ReleaseScriptingObjects (0ms)
			CreateAndSetChildDomain (38ms)
		EndReloadAssembly (1188ms)
			LoadAssemblies (82ms)
			RebuildTransferFunctionScriptingTraits (0ms)
			SetupTypeCache (254ms)
			ReleaseScriptCaches (1ms)
			RebuildScriptCaches (36ms)
			SetupLoadedEditorAssemblies (725ms)
				LogAssemblyErrors (0ms)
				InitializePlatformSupportModulesInManaged (6ms)
				SetLoadedEditorAssemblies (0ms)
				RefreshPlugins (0ms)
				BeforeProcessingInitializeOnLoad (78ms)
				ProcessInitializeOnLoadAttributes (165ms)
				ProcessInitializeOnLoadMethodAttributes (469ms)
				AfterProcessingInitializeOnLoad (7ms)
				EditorAssembliesLoaded (0ms)
			ExecutionOrderSort2 (0ms)
			AwakeInstancesAfterBackupRestoration (6ms)
Platform modules already initialized, skipping
Refreshing native plugins compatible for Editor in 0.35 ms, found 2 plugins.
Preloading 0 native plugins for Editor in 0.00 ms.
Unloading 1528 Unused Serialized files (Serialized files now loaded: 0)
System memory in use before: 69.4 MB.
System memory in use after: 69.5 MB.

Unloading 16 unused Assets to reduce memory usage. Loaded Objects now: 2006.
Total: 3.650600 ms (FindLiveObjects: 0.153100 ms CreateObjectMapping: 0.049300 ms MarkObjects: 3.428700 ms  DeleteObjects: 0.018300 ms)

AssetImportParameters requested are different than current active one (requested -> active):
  custom:framework-win-MediaFoundation: 216162199b28c13a410421893ffa2e32 -> 
  custom:video-decoder-ogg-theora: a1e56fd34408186e4bbccfd4996cb3dc -> 
  custom:container-muxer-webm: aa71ff27fc2769a1b78a27578f13a17b -> 
  custom:container-demuxer-webm: 4f35f7cbe854078d1ac9338744f61a02 -> 
  custom:container-demuxer-ogg: 62fdf1f143b41e24485cea50d1cbac27 -> 
  custom:video-encoder-webm-vp8: eb34c28f22e8b96e1ab97ce403110664 -> 
  custom:video-decoder-webm-vp8: 9c59270c3fd7afecdb556c50c9e8de78 -> 
  custom:audio-decoder-ogg-vorbis: bf7c407c2cedff20999df2af8eb42d56 -> 
  custom:audio-encoder-webm-vorbis: bf7c407c2cedff20999df2af8eb42d56 -> 
========================================================================
Received Import Request.
  Time since last request: 233.974722 seconds.
  path: Assets/BehaviorBricks
  artifactKey: Guid(4bfec31d1a3d4a840a5a2f2baa32b903) Importer(815301076,1909f56bfc062723c751e8b465ee728b)
Start importing Assets/BehaviorBricks using Guid(4bfec31d1a3d4a840a5a2f2baa32b903) Importer(815301076,1909f56bfc062723c751e8b465ee728b)  -> (artifact id: 'fa5898877fa961147ac074acb8d739d6') in 0.010195 seconds 
  Import took 0.066569 seconds .

========================================================================
Received Import Request.
  Time since last request: 6.755762 seconds.
  path: Assets/BehaviorBricks/Actions
  artifactKey: Guid(78fb23ff3d417734595026adeb7dc50f) Importer(815301076,1909f56bfc062723c751e8b465ee728b)
Start importing Assets/BehaviorBricks/Actions using Guid(78fb23ff3d417734595026adeb7dc50f) Importer(815301076,1909f56bfc062723c751e8b465ee728b)  -> (artifact id: 'af2e237c30965448fa5b2a0a19861df2') in 0.095410 seconds 
  Import took 0.214302 seconds .

========================================================================
Received Import Request.
  Time since last request: 0.642569 seconds.
  path: Assets/BehaviorBricks/Actions/System
  artifactKey: Guid(aca92ebbea7694146a5ecc9bc6814b83) Importer(815301076,1909f56bfc062723c751e8b465ee728b)
Start importing Assets/BehaviorBricks/Actions/System using Guid(aca92ebbea7694146a5ecc9bc6814b83) Importer(815301076,1909f56bfc062723c751e8b465ee728b)  -> (artifact id: '9fa7ff8fcb68952b015a7d7d51e77804') in 0.067877 seconds 
  Import took 0.116505 seconds .

========================================================================
Received Import Request.
  Time since last request: 2.286089 seconds.
  path: Assets/BehaviorBricks/Actions/System/Navigation
  artifactKey: Guid(c7bfb30141c59874fa1f81247e9cdcf6) Importer(815301076,1909f56bfc062723c751e8b465ee728b)
Start importing Assets/BehaviorBricks/Actions/System/Navigation using Guid(c7bfb30141c59874fa1f81247e9cdcf6) Importer(815301076,1909f56bfc062723c751e8b465ee728b)  -> (artifact id: '5e9fbafa1b6b2f35605e59a6844900da') in 0.034842 seconds 
  Import took 0.105096 seconds .

========================================================================
Received Import Request.
  Time since last request: 1.348335 seconds.
  path: Assets/BehaviorBricks/Actions/System/Navigation/MoveToGameObject.cs
  artifactKey: Guid(37699beccafaf6540a2a8f37360e5e4c) Importer(815301076,1909f56bfc062723c751e8b465ee728b)
Start importing Assets/BehaviorBricks/Actions/System/Navigation/MoveToGameObject.cs using Guid(37699beccafaf6540a2a8f37360e5e4c) Importer(815301076,1909f56bfc062723c751e8b465ee728b)  -> (artifact id: 'ff495e4a8483b47a3b4f66cf38056195') in 0.061799 seconds 
  Import took 0.089717 seconds .

========================================================================
Received Import Request.
  Time since last request: 0.306239 seconds.
  path: Assets/BehaviorBricks/Actions/System/Navigation/MoveToPosition.cs
  artifactKey: Guid(5c760f5b0dabecb42a091f249b759b9c) Importer(815301076,1909f56bfc062723c751e8b465ee728b)
Start importing Assets/BehaviorBricks/Actions/System/Navigation/MoveToPosition.cs using Guid(5c760f5b0dabecb42a091f249b759b9c) Importer(815301076,1909f56bfc062723c751e8b465ee728b)  -> (artifact id: '3a976d77137dc9bed3078ac4de3af9d1') in 0.006214 seconds 
  Import took 0.044741 seconds .

========================================================================
Received Import Request.
  Time since last request: 0.276960 seconds.
  path: Assets/BehaviorBricks/Actions/System/Navigation/MoveToRandomPosition.cs
  artifactKey: Guid(ceccfd7378367f24084ec0739914ad11) Importer(815301076,1909f56bfc062723c751e8b465ee728b)
Start importing Assets/BehaviorBricks/Actions/System/Navigation/MoveToRandomPosition.cs using Guid(ceccfd7378367f24084ec0739914ad11) Importer(815301076,1909f56bfc062723c751e8b465ee728b)  -> (artifact id: 'facf5f9af4f8539e161bc84d88968743') in 0.006639 seconds 
  Import took 0.010164 seconds .

========================================================================
Received Import Request.
  Time since last request: 6.490704 seconds.
  path: Assets/BehaviorBricks/Actions/System/GameObject
  artifactKey: Guid(837a2fba9c10f09438a0fdffaea43d4b) Importer(815301076,1909f56bfc062723c751e8b465ee728b)
Start importing Assets/BehaviorBricks/Actions/System/GameObject using Guid(837a2fba9c10f09438a0fdffaea43d4b) Importer(815301076,1909f56bfc062723c751e8b465ee728b)  -> (artifact id: '68693b13cbf29b2adc01e56e2357d902') in 0.048932 seconds 
  Import took 0.075457 seconds .

========================================================================
Received Import Request.
  Time since last request: 6.001523 seconds.
  path: Assets/BehaviorBricks/Actions/System/Vector3
  artifactKey: Guid(4a7786e68fc32f74c8c4191640b38565) Importer(815301076,1909f56bfc062723c751e8b465ee728b)
Start importing Assets/BehaviorBricks/Actions/System/Vector3 using Guid(4a7786e68fc32f74c8c4191640b38565) Importer(815301076,1909f56bfc062723c751e8b465ee728b)  -> (artifact id: '437718fd257a26fa4ed57433117cba42') in 0.010206 seconds 
  Import took 0.069754 seconds .

========================================================================
Received Import Request.
  Time since last request: 1.130133 seconds.
  path: Assets/BehaviorBricks/Actions/System/Vector3/GetRandomInArea.cs
  artifactKey: Guid(6effe00d388c3674e9bdacaa8d677fe0) Importer(815301076,1909f56bfc062723c751e8b465ee728b)
Start importing Assets/BehaviorBricks/Actions/System/Vector3/GetRandomInArea.cs using Guid(6effe00d388c3674e9bdacaa8d677fe0) Importer(815301076,1909f56bfc062723c751e8b465ee728b)  -> (artifact id: '0db46ed94a52eeb7a5238782070d2816') in 0.007199 seconds 
  Import took 0.037709 seconds .

========================================================================
Received Import Request.
  Time since last request: 2.850336 seconds.
  path: Assets/BehaviorBricks/Actions/System/Physics
  artifactKey: Guid(3a684696e3ebdd54ab74ff985fbc4db0) Importer(815301076,1909f56bfc062723c751e8b465ee728b)
Start importing Assets/BehaviorBricks/Actions/System/Physics using Guid(3a684696e3ebdd54ab74ff985fbc4db0) Importer(815301076,1909f56bfc062723c751e8b465ee728b)  -> (artifact id: '86a4538b773d40731c521385035f5abb') in 0.010429 seconds 
  Import took 0.052829 seconds .

========================================================================
Received Import Request.
  Time since last request: 5.440574 seconds.
  path: Assets/BehaviorBricks/Editor
  artifactKey: Guid(cacb9c892da70bb4280c5e5364dd51cb) Importer(815301076,1909f56bfc062723c751e8b465ee728b)
Start importing Assets/BehaviorBricks/Editor using Guid(cacb9c892da70bb4280c5e5364dd51cb) Importer(815301076,1909f56bfc062723c751e8b465ee728b)  -> (artifact id: 'd37b2ec90564e663b3938b2ca6c9de02') in 0.044397 seconds 
  Import took 0.100776 seconds .

========================================================================
Received Import Request.
  Time since last request: 1.602554 seconds.
  path: Assets/BehaviorBricks/Editor/Resources
  artifactKey: Guid(0032aebf5cf20324ca07adf134c782b1) Importer(815301076,1909f56bfc062723c751e8b465ee728b)
Start importing Assets/BehaviorBricks/Editor/Resources using Guid(0032aebf5cf20324ca07adf134c782b1) Importer(815301076,1909f56bfc062723c751e8b465ee728b)  -> (artifact id: '04496881d24d654fbc93d282e4d9d2f6') in 0.008297 seconds 
  Import took 0.085707 seconds .

========================================================================
Received Import Request.
  Time since last request: 0.000329 seconds.
  path: Assets/BehaviorBricks/Editor/Resources/grid.png
  artifactKey: Guid(10d1a55a3f470ce479612156793ff138) Importer(815301076,1909f56bfc062723c751e8b465ee728b)
Start importing Assets/BehaviorBricks/Editor/Resources/grid.png using Guid(10d1a55a3f470ce479612156793ff138) Importer(815301076,1909f56bfc062723c751e8b465ee728b)  -> (artifact id: '44e30aea3e0e56b2526157a4036297dd') in 0.210129 seconds 
  Import took 0.212927 seconds .

========================================================================
Received Import Request.
  Time since last request: 2.959173 seconds.
  path: Assets/BehaviorBricks/Editor/Bin
  artifactKey: Guid(6710d3a8b2e724241b09761c52381d50) Importer(815301076,1909f56bfc062723c751e8b465ee728b)
Start importing Assets/BehaviorBricks/Editor/Bin using Guid(6710d3a8b2e724241b09761c52381d50) Importer(815301076,1909f56bfc062723c751e8b465ee728b)  -> (artifact id: '500cbff539bd4e9a8008f2ce0527e8b0') in 0.009362 seconds 
  Import took 0.051976 seconds .

========================================================================
Received Import Request.
  Time since last request: 32.985413 seconds.
  path: Assets/Scenes
  artifactKey: Guid(e40ace4b0870b7d4b8edf14b3b8b130c) Importer(815301076,1909f56bfc062723c751e8b465ee728b)
Start importing Assets/Scenes using Guid(e40ace4b0870b7d4b8edf14b3b8b130c) Importer(815301076,1909f56bfc062723c751e8b465ee728b)  -> (artifact id: '73153291b3982ef1d93ae2bfc58211b1') in 0.009709 seconds 
  Import took 0.051265 seconds .

========================================================================
Received Import Request.
  Time since last request: 0.766383 seconds.
  path: Assets/Scenes/SampleScene
  artifactKey: Guid(fe9648e077d26fd449f65522aaacba41) Importer(815301076,1909f56bfc062723c751e8b465ee728b)
Start importing Assets/Scenes/SampleScene using Guid(fe9648e077d26fd449f65522aaacba41) Importer(815301076,1909f56bfc062723c751e8b465ee728b)  -> (artifact id: '31c7d2b56c3b145520090840dc45e96e') in 0.008294 seconds 
  Import took 0.060271 seconds .

========================================================================
Received Import Request.
  Time since last request: 0.024122 seconds.
  path: Assets/Scenes/SampleScene/NavMesh.asset
  artifactKey: Guid(74d6a28a2bd815e408c6327128d90cb2) Importer(815301076,1909f56bfc062723c751e8b465ee728b)
Start importing Assets/Scenes/SampleScene/NavMesh.asset using Guid(74d6a28a2bd815e408c6327128d90cb2) Importer(815301076,1909f56bfc062723c751e8b465ee728b)  -> (artifact id: '8ecddbf2f2f60418cd14818396e9e50f') in 0.006681 seconds 
  Import took 0.069377 seconds .

========================================================================
Received Import Request.
  Time since last request: 6.950491 seconds.
  path: Assets/BehaviorBricks/Conditions
  artifactKey: Guid(fa156cf63bf45734199e37a335cca53a) Importer(815301076,1909f56bfc062723c751e8b465ee728b)
Start importing Assets/BehaviorBricks/Conditions using Guid(fa156cf63bf45734199e37a335cca53a) Importer(815301076,1909f56bfc062723c751e8b465ee728b)  -> (artifact id: 'e57bcaee85b2d3e39282fb020ab8feb9') in 0.011218 seconds 
  Import took 0.050003 seconds .

========================================================================
Received Import Request.
  Time since last request: 0.755254 seconds.
  path: Assets/BehaviorBricks/Conditions/System
  artifactKey: Guid(330e50d8d69be5940a71439bf611a85c) Importer(815301076,1909f56bfc062723c751e8b465ee728b)
Start importing Assets/BehaviorBricks/Conditions/System using Guid(330e50d8d69be5940a71439bf611a85c) Importer(815301076,1909f56bfc062723c751e8b465ee728b)  -> (artifact id: '2429a85c96f0241aed4f2ab098810a34') in 0.003610 seconds 
  Import took 0.039124 seconds .

========================================================================
Received Import Request.
  Time since last request: 0.825218 seconds.
  path: Assets/BehaviorBricks/Conditions/System/Basic
  artifactKey: Guid(24cbfcd125931f04e9cf5dad85efbbcd) Importer(815301076,1909f56bfc062723c751e8b465ee728b)
Start importing Assets/BehaviorBricks/Conditions/System/Basic using Guid(24cbfcd125931f04e9cf5dad85efbbcd) Importer(815301076,1909f56bfc062723c751e8b465ee728b)  -> (artifact id: '14148110b7129a0e1492279de22ea954') in 0.009620 seconds 
  Import took 0.065739 seconds .

========================================================================
Received Import Request.
  Time since last request: 7.705797 seconds.
  path: Assets/BehaviorBricks/Conditions/System/Perception
  artifactKey: Guid(e7c6699b8d110774bb33e80b9904d92b) Importer(815301076,1909f56bfc062723c751e8b465ee728b)
Start importing Assets/BehaviorBricks/Conditions/System/Perception using Guid(e7c6699b8d110774bb33e80b9904d92b) Importer(815301076,1909f56bfc062723c751e8b465ee728b)  -> (artifact id: 'a02d7d33ca386c51e1535b113ecd7411') in 0.009338 seconds 
  Import took 0.013111 seconds .

========================================================================
Received Import Request.
  Time since last request: 11.283483 seconds.
  path: Assets/BehaviorBricks/Samples/QuickStartGuide/Done/Resources/Behaviors/DoneAbortableClickAndGo.asset
  artifactKey: Guid(94f7b8d9d503df647aec1b5cdce03b4b) Importer(815301076,1909f56bfc062723c751e8b465ee728b)
Start importing Assets/BehaviorBricks/Samples/QuickStartGuide/Done/Resources/Behaviors/DoneAbortableClickAndGo.asset using Guid(94f7b8d9d503df647aec1b5cdce03b4b) Importer(815301076,1909f56bfc062723c751e8b465ee728b) DeserializeNextElement: Viene otra cosa: EndElement. TerminamosDeserializeNextElement: Viene otra cosa: EndElement. Terminamos -> (artifact id: '56b459398bfc0425b4c6337f621bb0b6') in 0.048446 seconds 
  Import took 0.050999 seconds .

========================================================================
Received Import Request.
  Time since last request: 0.000309 seconds.
  path: Assets/BehaviorBricks/Samples/QuickStartGuide/Done/Resources/Behaviors/DoneClickAndGo.asset
  artifactKey: Guid(6c77abc6244c7604a93f480b49b233c5) Importer(815301076,1909f56bfc062723c751e8b465ee728b)
Start importing Assets/BehaviorBricks/Samples/QuickStartGuide/Done/Resources/Behaviors/DoneClickAndGo.asset using Guid(6c77abc6244c7604a93f480b49b233c5) Importer(815301076,1909f56bfc062723c751e8b465ee728b) DeserializeNextElement: Viene otra cosa: EndElement. Terminamos -> (artifact id: '870e071277c451df9eaf3b65961c228d') in 0.013150 seconds 
  Import took 0.056534 seconds .

========================================================================
Received Import Request.
  Time since last request: 38.598174 seconds.
  path: Assets/ClickAndGo.asset
  artifactKey: Guid(c3bfb17d70302b94d901eac73be40f6e) Importer(815301076,1909f56bfc062723c751e8b465ee728b)
Start importing Assets/ClickAndGo.asset using Guid(c3bfb17d70302b94d901eac73be40f6e) Importer(815301076,1909f56bfc062723c751e8b465ee728b) DeserializeNextElement: Viene otra cosa: EndElement. Terminamos -> (artifact id: '1d657b6fb34c8c9bc203dbfefdb9930e') in 0.005350 seconds 
  Import took 0.008799 seconds .

========================================================================
Received Import Request.
  Time since last request: 28.324740 seconds.
  path: Assets/ClickAndGo.asset
  artifactKey: Guid(c3bfb17d70302b94d901eac73be40f6e) Importer(815301076,1909f56bfc062723c751e8b465ee728b)
Start importing Assets/ClickAndGo.asset using Guid(c3bfb17d70302b94d901eac73be40f6e) Importer(815301076,1909f56bfc062723c751e8b465ee728b) DeserializeNextElement: Viene otra cosa: EndElement. Terminamos -> (artifact id: 'ce882a1d34c0cf2ae8aede264d4af1d2') in 0.004568 seconds 
  Import took 0.041349 seconds .

========================================================================
Received Import Request.
  Time since last request: 4.293390 seconds.
  path: Assets/BehaviorBricks/BehaviorExecutor.cs
  artifactKey: Guid(422fb6956201c7944ae2113a1a53b0b8) Importer(815301076,1909f56bfc062723c751e8b465ee728b)
Start importing Assets/BehaviorBricks/BehaviorExecutor.cs using Guid(422fb6956201c7944ae2113a1a53b0b8) Importer(815301076,1909f56bfc062723c751e8b465ee728b)  -> (artifact id: '19a4061647beaa08f91ff3141eceb7ed') in 0.031990 seconds 
  Import took 0.063936 seconds .

========================================================================
Received Import Request.
  Time since last request: 2.290814 seconds.
  path: Assets/BehaviorBricks/Samples
  artifactKey: Guid(386f710eb02bba645931b79975c45be7) Importer(815301076,1909f56bfc062723c751e8b465ee728b)
Start importing Assets/BehaviorBricks/Samples using Guid(386f710eb02bba645931b79975c45be7) Importer(815301076,1909f56bfc062723c751e8b465ee728b)  -> (artifact id: '33096781bbf3fdd0074ef0514ddf46c5') in 0.006847 seconds 
  Import took 0.010533 seconds .

========================================================================
Received Import Request.
  Time since last request: 0.989497 seconds.
  path: Assets/BehaviorBricks/Samples/ProgrammersQuickStartGuide
  artifactKey: Guid(08084a70b35b3874087eeadebc48f62d) Importer(815301076,1909f56bfc062723c751e8b465ee728b)
Start importing Assets/BehaviorBricks/Samples/ProgrammersQuickStartGuide using Guid(08084a70b35b3874087eeadebc48f62d) Importer(815301076,1909f56bfc062723c751e8b465ee728b)  -> (artifact id: '6712358f4008dfc98870e945e1dd890c') in 0.007183 seconds 
  Import took 0.036777 seconds .

========================================================================
Received Import Request.
  Time since last request: 0.530493 seconds.
  path: Assets/BehaviorBricks/Samples/ProgrammersQuickStartGuide/Done
  artifactKey: Guid(86bf5da98d70fc944bdaaf24c81be3d3) Importer(815301076,1909f56bfc062723c751e8b465ee728b)
Start importing Assets/BehaviorBricks/Samples/ProgrammersQuickStartGuide/Done using Guid(86bf5da98d70fc944bdaaf24c81be3d3) Importer(815301076,1909f56bfc062723c751e8b465ee728b)  -> (artifact id: '38ebca915bd9bbb48dc92d6b1e18e1c2') in 0.008139 seconds 
  Import took 0.011013 seconds .

========================================================================
Received Import Request.
  Time since last request: 0.043745 seconds.
  path: Assets/BehaviorBricks/Samples/ProgrammersQuickStartGuide/Done/DoneBullet.prefab
  artifactKey: Guid(5054610a218ed66468343c7d064e0a66) Importer(815301076,1909f56bfc062723c751e8b465ee728b)
Start importing Assets/BehaviorBricks/Samples/ProgrammersQuickStartGuide/Done/DoneBullet.prefab using Guid(5054610a218ed66468343c7d064e0a66) Importer(815301076,1909f56bfc062723c751e8b465ee728b)  -> (artifact id: 'a3c7a54b5e4a3b439fcdb3754e6eba5c') in 0.473781 seconds 
  Import took 0.533301 seconds .

========================================================================
Received Import Request.
  Time since last request: 1.148079 seconds.
  path: Assets/BehaviorBricks/Samples/ProgrammersQuickStartGuide/Done/DoneScene
  artifactKey: Guid(7acdf38a7f9c82d409590a024bd8091d) Importer(815301076,1909f56bfc062723c751e8b465ee728b)
Start importing Assets/BehaviorBricks/Samples/ProgrammersQuickStartGuide/Done/DoneScene using Guid(7acdf38a7f9c82d409590a024bd8091d) Importer(815301076,1909f56bfc062723c751e8b465ee728b)  -> (artifact id: '7c22ba986e59753b15622c8298605e8c') in 0.038910 seconds 
  Import took 0.098148 seconds .

========================================================================
Received Import Request.
  Time since last request: 0.000400 seconds.
  path: Assets/BehaviorBricks/Samples/ProgrammersQuickStartGuide/Done/DoneScene/NavMesh.asset
  artifactKey: Guid(26d34db2d1360c54399eaf11bc2b214c) Importer(815301076,1909f56bfc062723c751e8b465ee728b)
Start importing Assets/BehaviorBricks/Samples/ProgrammersQuickStartGuide/Done/DoneScene/NavMesh.asset using Guid(26d34db2d1360c54399eaf11bc2b214c) Importer(815301076,1909f56bfc062723c751e8b465ee728b)  -> (artifact id: 'b13a66c737be0670cb6c531205301e4d') in 0.028012 seconds 
  Import took 0.030759 seconds .

========================================================================
Received Import Request.
  Time since last request: 6.457154 seconds.
  path: Packages/com.unity.collab-proxy/Editor/Collaborate/Assets/Icons/clear-dark.png
  artifactKey: Guid(432426364f0e2474b9817a7e5b9dd1c2) Importer(815301076,1909f56bfc062723c751e8b465ee728b)
Start importing Packages/com.unity.collab-proxy/Editor/Collaborate/Assets/Icons/clear-dark.png using Guid(432426364f0e2474b9817a7e5b9dd1c2) Importer(815301076,1909f56bfc062723c751e8b465ee728b)  -> (artifact id: '26b1f55f4557ba7f9e9a31527e1684a8') in 0.092462 seconds 
  Import took 0.095422 seconds .

========================================================================
Received Import Request.
  Time since last request: 0.000317 seconds.
  path: Packages/com.unity.collab-proxy/Editor/Collaborate/Assets/Icons/clear-light@2x.png
  artifactKey: Guid(c84258b6921bcce45a57f68a07b2143f) Importer(815301076,1909f56bfc062723c751e8b465ee728b)
Start importing Packages/com.unity.collab-proxy/Editor/Collaborate/Assets/Icons/clear-light@2x.png using Guid(c84258b6921bcce45a57f68a07b2143f) Importer(815301076,1909f56bfc062723c751e8b465ee728b)  -> (artifact id: '3825b2cb1e68d8bf7c19e5bc0bf004c6') in 0.061558 seconds 
  Import took 0.063931 seconds .

========================================================================
Received Import Request.
  Time since last request: 0.000401 seconds.
  path: Packages/com.unity.collab-proxy/Editor/Collaborate/Assets/Icons/clear-dark@2x.png
  artifactKey: Guid(c98f350e47082844fa2954de4d2d5ff9) Importer(815301076,1909f56bfc062723c751e8b465ee728b)
Start importing Packages/com.unity.collab-proxy/Editor/Collaborate/Assets/Icons/clear-dark@2x.png using Guid(c98f350e47082844fa2954de4d2d5ff9) Importer(815301076,1909f56bfc062723c751e8b465ee728b)  -> (artifact id: '36e4fd759e10015a5015c5a6086f4830') in 0.032497 seconds 
  Import took 0.034809 seconds .

========================================================================
Received Import Request.
  Time since last request: 0.000347 seconds.
  path: Packages/com.unity.collab-proxy/Editor/Collaborate/Assets/Icons/clear-light.png
  artifactKey: Guid(713aeedbd53e6b848a68d0755e7a2c74) Importer(815301076,1909f56bfc062723c751e8b465ee728b)
Start importing Packages/com.unity.collab-proxy/Editor/Collaborate/Assets/Icons/clear-light.png using Guid(713aeedbd53e6b848a68d0755e7a2c74) Importer(815301076,1909f56bfc062723c751e8b465ee728b)  -> (artifact id: '8a0c6bc1168e0bbc0e5ffc6e1c6357d4') in 0.102201 seconds 
  Import took 0.144391 seconds .

========================================================================
Received Prepare
Registering precompiled user dll's ...
Registered in 0.004002 seconds.
Begin MonoManager ReloadAssembly
Native extension for WindowsStandalone target not found
Native extension for WebGL target not found
Refreshing native plugins compatible for Editor in 0.38 ms, found 2 plugins.
Preloading 0 native plugins for Editor in 0.00 ms.
Mono: successfully reloaded assembly
- Completed reload, in  1.550 seconds
Domain Reload Profiling:
	ReloadAssembly (1550ms)
		BeginReloadAssembly (121ms)
			ExecutionOrderSort (0ms)
			DisableScriptedObjects (4ms)
			BackupInstance (0ms)
			ReleaseScriptingObjects (0ms)
			CreateAndSetChildDomain (38ms)
		EndReloadAssembly (1369ms)
			LoadAssemblies (84ms)
			RebuildTransferFunctionScriptingTraits (0ms)
			SetupTypeCache (288ms)
			ReleaseScriptCaches (1ms)
			RebuildScriptCaches (44ms)
			SetupLoadedEditorAssemblies (846ms)
				LogAssemblyErrors (0ms)
				InitializePlatformSupportModulesInManaged (7ms)
				SetLoadedEditorAssemblies (0ms)
				RefreshPlugins (0ms)
				BeforeProcessingInitializeOnLoad (114ms)
				ProcessInitializeOnLoadAttributes (167ms)
				ProcessInitializeOnLoadMethodAttributes (548ms)
				AfterProcessingInitializeOnLoad (9ms)
				EditorAssembliesLoaded (0ms)
			ExecutionOrderSort2 (0ms)
			AwakeInstancesAfterBackupRestoration (9ms)
Platform modules already initialized, skipping
Refreshing native plugins compatible for Editor in 0.39 ms, found 2 plugins.
Preloading 0 native plugins for Editor in 0.00 ms.
Unloading 1528 Unused Serialized files (Serialized files now loaded: 0)
System memory in use before: 72.8 MB.
System memory in use after: 72.9 MB.

Unloading 17 unused Assets to reduce memory usage. Loaded Objects now: 2017.
Total: 5.572200 ms (FindLiveObjects: 0.276300 ms CreateObjectMapping: 0.085000 ms MarkObjects: 5.152500 ms  DeleteObjects: 0.055300 ms)

AssetImportParameters requested are different than current active one (requested -> active):
  custom:framework-win-MediaFoundation: 216162199b28c13a410421893ffa2e32 -> 
  custom:video-decoder-ogg-theora: a1e56fd34408186e4bbccfd4996cb3dc -> 
  custom:container-muxer-webm: aa71ff27fc2769a1b78a27578f13a17b -> 
  custom:container-demuxer-webm: 4f35f7cbe854078d1ac9338744f61a02 -> 
  custom:container-demuxer-ogg: 62fdf1f143b41e24485cea50d1cbac27 -> 
  custom:video-encoder-webm-vp8: eb34c28f22e8b96e1ab97ce403110664 -> 
  custom:video-decoder-webm-vp8: 9c59270c3fd7afecdb556c50c9e8de78 -> 
  custom:audio-decoder-ogg-vorbis: bf7c407c2cedff20999df2af8eb42d56 -> 
  custom:audio-encoder-webm-vorbis: bf7c407c2cedff20999df2af8eb42d56 -> 
========================================================================
Received Import Request.
  Time since last request: 180.710846 seconds.
  path: Assets/ClickAndGo.asset
  artifactKey: Guid(c3bfb17d70302b94d901eac73be40f6e) Importer(815301076,1909f56bfc062723c751e8b465ee728b)
Start importing Assets/ClickAndGo.asset using Guid(c3bfb17d70302b94d901eac73be40f6e) Importer(815301076,1909f56bfc062723c751e8b465ee728b) DeserializeNextElement: Viene otra cosa: EndElement. Terminamos -> (artifact id: 'e979adbaa23bab2c0a6a9ea9256a29c6') in 0.034988 seconds 
  Import took 0.047013 seconds .

========================================================================
Received Prepare
Registering precompiled user dll's ...
Registered in 0.003434 seconds.
Begin MonoManager ReloadAssembly
Native extension for WindowsStandalone target not found
Native extension for WebGL target not found
Refreshing native plugins compatible for Editor in 0.33 ms, found 2 plugins.
Preloading 0 native plugins for Editor in 0.00 ms.
Mono: successfully reloaded assembly
- Completed reload, in  1.506 seconds
Domain Reload Profiling:
	ReloadAssembly (1506ms)
		BeginReloadAssembly (114ms)
			ExecutionOrderSort (0ms)
			DisableScriptedObjects (4ms)
			BackupInstance (0ms)
			ReleaseScriptingObjects (0ms)
			CreateAndSetChildDomain (40ms)
		EndReloadAssembly (1331ms)
			LoadAssemblies (83ms)
			RebuildTransferFunctionScriptingTraits (0ms)
			SetupTypeCache (302ms)
			ReleaseScriptCaches (1ms)
			RebuildScriptCaches (43ms)
			SetupLoadedEditorAssemblies (800ms)
				LogAssemblyErrors (0ms)
				InitializePlatformSupportModulesInManaged (6ms)
				SetLoadedEditorAssemblies (0ms)
				RefreshPlugins (0ms)
				BeforeProcessingInitializeOnLoad (82ms)
				ProcessInitializeOnLoadAttributes (177ms)
				ProcessInitializeOnLoadMethodAttributes (528ms)
				AfterProcessingInitializeOnLoad (7ms)
				EditorAssembliesLoaded (0ms)
			ExecutionOrderSort2 (0ms)
			AwakeInstancesAfterBackupRestoration (7ms)
Platform modules already initialized, skipping
Refreshing native plugins compatible for Editor in 0.44 ms, found 2 plugins.
Preloading 0 native plugins for Editor in 0.00 ms.
Unloading 1528 Unused Serialized files (Serialized files now loaded: 0)
System memory in use before: 72.8 MB.
System memory in use after: 72.9 MB.

Unloading 16 unused Assets to reduce memory usage. Loaded Objects now: 2019.
Total: 4.630700 ms (FindLiveObjects: 0.165800 ms CreateObjectMapping: 0.042600 ms MarkObjects: 4.395100 ms  DeleteObjects: 0.025200 ms)

AssetImportParameters requested are different than current active one (requested -> active):
  custom:framework-win-MediaFoundation: 216162199b28c13a410421893ffa2e32 -> 
  custom:video-decoder-ogg-theora: a1e56fd34408186e4bbccfd4996cb3dc -> 
  custom:container-muxer-webm: aa71ff27fc2769a1b78a27578f13a17b -> 
  custom:container-demuxer-webm: 4f35f7cbe854078d1ac9338744f61a02 -> 
  custom:container-demuxer-ogg: 62fdf1f143b41e24485cea50d1cbac27 -> 
  custom:video-encoder-webm-vp8: eb34c28f22e8b96e1ab97ce403110664 -> 
  custom:video-decoder-webm-vp8: 9c59270c3fd7afecdb556c50c9e8de78 -> 
  custom:audio-decoder-ogg-vorbis: bf7c407c2cedff20999df2af8eb42d56 -> 
  custom:audio-encoder-webm-vorbis: bf7c407c2cedff20999df2af8eb42d56 -> 
========================================================================
Received Import Request.
  Time since last request: 87.663323 seconds.
  path: Assets/myimage.jpg
  artifactKey: Guid(22b4b11cb115dd84bb64b7053391a6cb) Importer(815301076,1909f56bfc062723c751e8b465ee728b)
Start importing Assets/myimage.jpg using Guid(22b4b11cb115dd84bb64b7053391a6cb) Importer(815301076,1909f56bfc062723c751e8b465ee728b)  -> (artifact id: 'a919bd6ab73f1e7bbcba2afd43192770') in 0.047368 seconds 
  Import took 0.083666 seconds .

========================================================================
Received Import Request.
  Time since last request: 39.900227 seconds.
  path: Assets/ClickAndGo.asset
  artifactKey: Guid(c3bfb17d70302b94d901eac73be40f6e) Importer(815301076,1909f56bfc062723c751e8b465ee728b)
Start importing Assets/ClickAndGo.asset using Guid(c3bfb17d70302b94d901eac73be40f6e) Importer(815301076,1909f56bfc062723c751e8b465ee728b) DeserializeNextElement: Viene otra cosa: EndElement. Terminamos -> (artifact id: 'c2a99125fe32be5bc04aae1293ae2720') in 0.027506 seconds 
  Import took 0.090173 seconds .

========================================================================
Received Prepare
Registering precompiled user dll's ...
Registered in 0.003438 seconds.
Begin MonoManager ReloadAssembly
Native extension for WindowsStandalone target not found
Native extension for WebGL target not found
Refreshing native plugins compatible for Editor in 0.34 ms, found 2 plugins.
Preloading 0 native plugins for Editor in 0.00 ms.
Mono: successfully reloaded assembly
- Completed reload, in  1.391 seconds
Domain Reload Profiling:
	ReloadAssembly (1391ms)
		BeginReloadAssembly (113ms)
			ExecutionOrderSort (0ms)
			DisableScriptedObjects (4ms)
			BackupInstance (0ms)
			ReleaseScriptingObjects (0ms)
			CreateAndSetChildDomain (34ms)
		EndReloadAssembly (1219ms)
			LoadAssemblies (81ms)
			RebuildTransferFunctionScriptingTraits (0ms)
			SetupTypeCache (261ms)
			ReleaseScriptCaches (1ms)
			RebuildScriptCaches (36ms)
			SetupLoadedEditorAssemblies (757ms)
				LogAssemblyErrors (0ms)
				InitializePlatformSupportModulesInManaged (6ms)
				SetLoadedEditorAssemblies (0ms)
				RefreshPlugins (0ms)
				BeforeProcessingInitializeOnLoad (80ms)
				ProcessInitializeOnLoadAttributes (183ms)
				ProcessInitializeOnLoadMethodAttributes (481ms)
				AfterProcessingInitializeOnLoad (7ms)
				EditorAssembliesLoaded (0ms)
			ExecutionOrderSort2 (0ms)
			AwakeInstancesAfterBackupRestoration (6ms)
Platform modules already initialized, skipping
Refreshing native plugins compatible for Editor in 0.35 ms, found 2 plugins.
Preloading 0 native plugins for Editor in 0.00 ms.
Unloading 1528 Unused Serialized files (Serialized files now loaded: 0)
System memory in use before: 72.8 MB.
System memory in use after: 72.9 MB.

Unloading 16 unused Assets to reduce memory usage. Loaded Objects now: 2021.
Total: 3.337900 ms (FindLiveObjects: 0.164200 ms CreateObjectMapping: 0.052700 ms MarkObjects: 3.101200 ms  DeleteObjects: 0.018800 ms)

AssetImportParameters requested are different than current active one (requested -> active):
  custom:framework-win-MediaFoundation: 216162199b28c13a410421893ffa2e32 -> 
  custom:video-decoder-ogg-theora: a1e56fd34408186e4bbccfd4996cb3dc -> 
  custom:container-muxer-webm: aa71ff27fc2769a1b78a27578f13a17b -> 
  custom:container-demuxer-webm: 4f35f7cbe854078d1ac9338744f61a02 -> 
  custom:container-demuxer-ogg: 62fdf1f143b41e24485cea50d1cbac27 -> 
  custom:video-encoder-webm-vp8: eb34c28f22e8b96e1ab97ce403110664 -> 
  custom:video-decoder-webm-vp8: 9c59270c3fd7afecdb556c50c9e8de78 -> 
  custom:audio-decoder-ogg-vorbis: bf7c407c2cedff20999df2af8eb42d56 -> 
  custom:audio-encoder-webm-vorbis: bf7c407c2cedff20999df2af8eb42d56 -> 
AssetImportWorkerClient::OnTransportError - code=2 error=End of file
